error: `impl Trait` can only mention lifetimes from an fn or impl
 --> examples/trait_solver_4.rs:7:45
  |
7 | fn f(_: impl for<'a> A<'a, Assoc = impl B + 'a>) {}
  |                  -- lifetime declared here  ^^

error[E0308]: mismatched types
  --> examples/trait_solver_4.rs:16:5
   |
16 |     f(());
   |     ^^^^^ one type is more general than the other
   |
   = note: expected reference `&'a _`
              found reference `&_`
note: the lifetime requirement is introduced here
  --> examples/trait_solver_4.rs:7:28
   |
7  | fn f(_: impl for<'a> A<'a, Assoc = impl B + 'a>) {}
   |                            ^^^^^^^^^^^^^^^^^^^

For more information about this error, try `rustc --explain E0308`.
error: could not compile `code` (example "trait_solver_4") due to 2 previous errors
